<?xml version="1.0" encoding="UTF-8"?>
<!-- Generated by org.testng.reporters.JUnitReportReporter -->
<testsuite hostname="DESKTOP-MUURNCQ" failures="0" tests="2" name="by.epam.task11.service.impl.finder.ComponentsByTypeFinderImplTest" time="0.002" errors="0" timestamp="2020-02-10T16:54:08 MSK" skipped="0">
  <testcase classname="by.epam.task11.service.impl.finder.ComponentsByTypeFinderImplTest" name="testFind2" time="0.000"/>
  <system-out/>
  <testcase classname="by.epam.task11.service.impl.finder.ComponentsByTypeFinderImplTest" name="testFind" time="0.002"/>
  <system-out/>
</testsuite> <!-- by.epam.task11.service.impl.finder.ComponentsByTypeFinderImplTest -->
