<?xml version="1.0" encoding="UTF-8"?>
<!-- Generated by org.testng.reporters.JUnitReportReporter -->
<testsuite hostname="DESKTOP-MUURNCQ" failures="0" tests="1" name="by.epam.task11.service.impl.sorting.impl.SortByChildSizeTest" time="0.027" errors="0" timestamp="2020-02-10T16:54:08 MSK" skipped="0">
  <testcase classname="by.epam.task11.service.impl.sorting.impl.SortByChildSizeTest" name="testFind" time="0.027"/>
  <system-out/>
</testsuite> <!-- by.epam.task11.service.impl.sorting.impl.SortByChildSizeTest -->
