<?xml version="1.0" encoding="UTF-8"?>
<!-- Generated by org.testng.reporters.JUnitReportReporter -->
<testsuite hostname="DESKTOP-MUURNCQ" failures="0" tests="1" name="by.epam.task12.service.parser.ToIntArrayParserTest" time="0.003" errors="0" timestamp="2020-02-27T04:39:11 MSK" skipped="0">
  <testcase classname="by.epam.task12.service.parser.ToIntArrayParserTest" name="testParse" time="0.003"/>
  <system-out/>
</testsuite> <!-- by.epam.task12.service.parser.ToIntArrayParserTest -->
