<?xml version="1.0" encoding="UTF-8"?>
<!-- Generated by org.testng.reporters.JUnitReportReporter -->
<testsuite hostname="DESKTOP-MUURNCQ" failures="0" tests="4" name="by.epam.task12.entity.impl.MatrixAtomicImplTest" time="0.007" errors="0" timestamp="2020-02-26T19:30:25 MSK" skipped="0">
  <testcase classname="by.epam.task12.entity.impl.MatrixAtomicImplTest" name="testCompareAndSetReturnValueFalse" time="0.000"/>
  <system-out/>
  <testcase classname="by.epam.task12.entity.impl.MatrixAtomicImplTest" name="testCompareAndSetReturnValueTrue" time="0.000"/>
  <system-out/>
  <testcase classname="by.epam.task12.entity.impl.MatrixAtomicImplTest" name="testCompareAndSet" time="0.001"/>
  <system-out/>
  <testcase classname="by.epam.task12.entity.impl.MatrixAtomicImplTest" name="atomicTest" time="0.006"/>
  <system-out/>
</testsuite> <!-- by.epam.task12.entity.impl.MatrixAtomicImplTest -->
