<?xml version="1.0" encoding="UTF-8"?>
<!-- Generated by org.testng.reporters.JUnitReportReporter -->
<testsuite hostname="DESKTOP-MUURNCQ" failures="0" tests="1" name="by.epam.task12.service.filler.DiagonalFillerAtomicTest" time="0.076" errors="0" timestamp="2020-02-26T19:30:25 MSK" skipped="0">
  <testcase classname="by.epam.task12.service.filler.DiagonalFillerAtomicTest" name="testFill" time="0.076"/>
  <system-out/>
</testsuite> <!-- by.epam.task12.service.filler.DiagonalFillerAtomicTest -->
