<?xml version="1.0" encoding="UTF-8"?>
<!-- Generated by org.testng.reporters.JUnitReportReporter -->
<testsuite hostname="DESKTOP-MUURNCQ" failures="0" tests="1" name="test.exampletestng.action.TestNgSimpleTest" time="0.001" errors="0" timestamp="2020-02-16T23:12:05 MSK" skipped="0">
  <testcase classname="test.exampletestng.action.TestNgSimpleTest" name="testAdd" time="0.001"/>
  <system-out/>
</testsuite> <!-- test.exampletestng.action.TestNgSimpleTest -->
