<?xml version="1.0" encoding="UTF-8"?>
<!-- Generated by org.testng.reporters.JUnitReportReporter -->
<testsuite hostname="DESKTOP-MUURNCQ" failures="0" tests="19" name="test.exampletestng.action.CalcTest" time="0.009" errors="0" timestamp="2020-02-16T23:12:05 MSK" skipped="0">
  <testcase classname="test.exampletestng.action.CalcTest" name="testSum" time="0.000"/>
  <system-out/>
  <testcase classname="test.exampletestng.action.CalcTest" name="testSum" time="0.001"/>
  <system-out/>
  <testcase classname="test.exampletestng.action.CalcTest" name="sqrtTest" time="0.000"/>
  <system-out/>
  <testcase classname="test.exampletestng.action.CalcTest" name="testSum" time="0.000"/>
  <system-out/>
  <testcase classname="test.exampletestng.action.CalcTest" name="testTest" time="0.000"/>
  <system-out/>
  <testcase classname="test.exampletestng.action.CalcTest" name="sqrtTest" time="0.000"/>
  <system-out/>
  <testcase classname="test.exampletestng.action.CalcTest" name="sumTest" time="0.001"/>
  <system-out/>
  <testcase classname="test.exampletestng.action.CalcTest" name="sumTest" time="0.000"/>
  <system-out/>
  <testcase classname="test.exampletestng.action.CalcTest" name="sumTest" time="0.000"/>
  <system-out/>
  <testcase classname="test.exampletestng.action.CalcTest" name="sqrtNegativeDataTest" time="0.001"/>
  <system-out/>
  <testcase classname="test.exampletestng.action.CalcTest" name="sqrtNegativeDataTest" time="0.000"/>
  <system-out/>
  <testcase classname="test.exampletestng.action.CalcTest" name="sqrtTest" time="0.000"/>
  <system-out/>
  <testcase classname="test.exampletestng.action.CalcTest" name="sumTest" time="0.001"/>
  <system-out/>
  <testcase classname="test.exampletestng.action.CalcTest" name="sqrtTest" time="0.000"/>
  <system-out/>
  <testcase classname="test.exampletestng.action.CalcTest" name="sumTest" time="0.000"/>
  <system-out/>
  <testcase classname="test.exampletestng.action.CalcTest" name="sqrtNegativeDataTest" time="0.005"/>
  <system-out/>
  <testcase classname="test.exampletestng.action.CalcTest" name="sqrtTest" time="0.000"/>
  <system-out/>
  <testcase classname="test.exampletestng.action.CalcTest" name="sqrtTest" time="0.000"/>
  <system-out/>
  <testcase classname="test.exampletestng.action.CalcTest" name="sumTest" time="0.000"/>
  <system-out/>
</testsuite> <!-- test.exampletestng.action.CalcTest -->
